  useimage.cpp
D:\mine\opencv\repos\OpenCV_check\OpenCV_check\useimage.cpp(147): warning C4244: '초기화 중': 'const _Tp'에서 'float'(으)로 변환하면서 데이터가 손실될 수 있습니다.
          with
          [
              _Tp=int
          ]
D:\mine\opencv\repos\OpenCV_check\OpenCV_check\useimage.cpp(182): warning C4244: '초기화 중': 'const _Tp'에서 'float'(으)로 변환하면서 데이터가 손실될 수 있습니다.
          with
          [
              _Tp=int
          ]
D:\mine\opencv\repos\OpenCV_check\OpenCV_check\useimage.cpp(215): warning C4244: '=': 'double'에서 'int'(으)로 변환하면서 데이터가 손실될 수 있습니다.
D:\mine\opencv\repos\OpenCV_check\OpenCV_check\useimage.cpp(225): warning C4244: '인수': 'double'에서 'int'(으)로 변환하면서 데이터가 손실될 수 있습니다.
D:\mine\opencv\repos\OpenCV_check\OpenCV_check\useimage.cpp(264): warning C4309: '=': 상수 값이 잘립니다.
  코드를 생성하고 있습니다.
  2 of 770 functions ( 0.3%) were compiled, the rest were copied from previous compilation.
    0 functions were new in current compilation
    3 functions had inline decision re-evaluated but remain unchanged
  코드를 생성했습니다.
  OpenCV_check.vcxproj -> D:\mine\opencv\repos\OpenCV_check\x64\Release\OpenCV_check.exe
